{"level":"info","message":"SignUp process started for email: admin@gmail.com","timestamp":"2024-11-02 22:28:01"}
{"level":"error","message":"Username is required.","timestamp":"2024-11-02 22:28:01"}
{"level":"error","message":"SignUp process failed for email: admin@gmail.com, Error: Error: Username is required.\n    at /Users/rohitsingh/Developer/IL/maple-backend/src/services/auth.services.ts:21:13\n    at Generator.next (<anonymous>)\n    at /Users/rohitsingh/Developer/IL/maple-backend/src/services/auth.services.ts:8:71\n    at new Promise (<anonymous>)\n    at __awaiter (/Users/rohitsingh/Developer/IL/maple-backend/src/services/auth.services.ts:4:12)\n    at signUp (/Users/rohitsingh/Developer/IL/maple-backend/src/services/auth.services.ts:11:48)\n    at /Users/rohitsingh/Developer/IL/maple-backend/src/controllers/auth.controller.ts:10:32\n    at Generator.next (<anonymous>)\n    at /Users/rohitsingh/Developer/IL/maple-backend/src/controllers/auth.controller.ts:9:71\n    at new Promise (<anonymous>)","timestamp":"2024-11-02 22:28:01"}
{"level":"info","message":"SignUp process started for email: admin@gmail.com","timestamp":"2024-11-02 22:28:08"}
{"level":"error","message":"Email or Username already exists for email: admin@gmail.com","timestamp":"2024-11-02 22:28:08"}
{"level":"info","message":"SignUp process started for email: admin@gmail.com","timestamp":"2024-11-02 22:30:22"}
{"level":"error","message":"Email or Username already exists for email: admin@gmail.com","timestamp":"2024-11-02 22:30:22"}
{"level":"info","message":"SignUp process started for email: adminn@gmail.com","timestamp":"2024-11-02 22:30:42"}
{"level":"info","message":"User created with ID: 8","timestamp":"2024-11-02 22:30:42"}
{"level":"info","message":"SignUp process completed successfully for email: adminn@gmail.com","timestamp":"2024-11-02 22:30:42"}
{"level":"info","message":"SignUp process started for email: aadmin@gmail.com","timestamp":"2024-11-03 12:09:25"}
{"level":"info","message":"User created with ID: 9","timestamp":"2024-11-03 12:09:25"}
{"level":"info","message":"SignUp process completed successfully for email: aadmin@gmail.com","timestamp":"2024-11-03 12:09:25"}
{"level":"info","message":"SignUp process started for email: rohit@gmail.com","timestamp":"2024-11-03 12:26:27"}
{"level":"error","message":"Email or Username already exists for email: rohit@gmail.com","timestamp":"2024-11-03 12:26:27"}
{"level":"info","message":"SignUp process started for email: rohitt@gmail.com","timestamp":"2024-11-03 12:27:29"}
{"level":"info","message":"User created with ID: 11","timestamp":"2024-11-03 12:27:29"}
{"level":"info","message":"SignUp process completed successfully for email: rohitt@gmail.com","timestamp":"2024-11-03 12:27:29"}
{"level":"info","message":"SignUp process started for email: admin@gmail.com","timestamp":"2024-11-21 16:32:00"}
{"level":"info","message":"User created with ID: 1","timestamp":"2024-11-21 16:32:00"}
{"level":"info","message":"SignUp process completed successfully for email: admin@gmail.com","timestamp":"2024-11-21 16:32:00"}
{"level":"info","message":"SignUp process started for email: rohit@gmail.com","timestamp":"2024-11-22 01:10:48"}
{"level":"info","message":"User created with ID: 2","timestamp":"2024-11-22 01:10:49"}
{"level":"info","message":"SignUp process completed successfully for email: rohit@gmail.com","timestamp":"2024-11-22 01:10:49"}
{"level":"info","message":"SignUp process started for email: rohit@gmail.com","timestamp":"2024-11-22 04:14:10"}
{"level":"error","message":"Email or Username already exists for email: rohit@gmail.com","timestamp":"2024-11-22 04:14:10"}
{"level":"info","message":"SignUp process started for email: rohitt@gmail.com","timestamp":"2024-11-22 04:14:16"}
{"level":"info","message":"User created with ID: 4","timestamp":"2024-11-22 04:14:16"}
{"level":"info","message":"SignUp process completed successfully for email: rohitt@gmail.com","timestamp":"2024-11-22 04:14:16"}
{"code":"EAUTH","command":"API","level":"error","message":"Error sending OTP email Missing credentials for \"PLAIN\"","stack":"Error: Missing credentials for \"PLAIN\"\n    at SMTPConnection._formatError (/Users/rohitsingh/Developer/IL/maple-backend/node_modules/nodemailer/lib/smtp-connection/index.js:807:19)\n    at SMTPConnection.login (/Users/rohitsingh/Developer/IL/maple-backend/node_modules/nodemailer/lib/smtp-connection/index.js:452:38)\n    at /Users/rohitsingh/Developer/IL/maple-backend/node_modules/nodemailer/lib/smtp-transport/index.js:272:32\n    at SMTPConnection.<anonymous> (/Users/rohitsingh/Developer/IL/maple-backend/node_modules/nodemailer/lib/smtp-connection/index.js:215:17)\n    at Object.onceWrapper (node:events:631:28)\n    at SMTPConnection.emit (node:events:517:28)\n    at SMTPConnection.emit (node:domain:489:12)\n    at SMTPConnection._actionEHLO (/Users/rohitsingh/Developer/IL/maple-backend/node_modules/nodemailer/lib/smtp-connection/index.js:1369:14)\n    at SMTPConnection._processResponse (/Users/rohitsingh/Developer/IL/maple-backend/node_modules/nodemailer/lib/smtp-connection/index.js:991:20)\n    at SMTPConnection._onData (/Users/rohitsingh/Developer/IL/maple-backend/node_modules/nodemailer/lib/smtp-connection/index.js:772:14)","timestamp":"2024-11-29 00:10:26"}
{"level":"error","message":"Error in forgotPassword API Failed to send OTP","stack":"Error: Failed to send OTP\n    at /Users/rohitsingh/Developer/IL/maple-backend/src/services/auth.services.ts:178:11\n    at Generator.throw (<anonymous>)\n    at rejected (/Users/rohitsingh/Developer/IL/maple-backend/src/services/auth.services.ts:6:65)\n    at processTicksAndRejections (node:internal/process/task_queues:95:5)","timestamp":"2024-11-29 00:10:26"}
{"code":"EAUTH","command":"API","level":"error","message":"Error sending OTP email Missing credentials for \"PLAIN\"","stack":"Error: Missing credentials for \"PLAIN\"\n    at SMTPConnection._formatError (/Users/rohitsingh/Developer/IL/maple-backend/node_modules/nodemailer/lib/smtp-connection/index.js:807:19)\n    at SMTPConnection.login (/Users/rohitsingh/Developer/IL/maple-backend/node_modules/nodemailer/lib/smtp-connection/index.js:452:38)\n    at /Users/rohitsingh/Developer/IL/maple-backend/node_modules/nodemailer/lib/smtp-transport/index.js:272:32\n    at SMTPConnection.<anonymous> (/Users/rohitsingh/Developer/IL/maple-backend/node_modules/nodemailer/lib/smtp-connection/index.js:215:17)\n    at Object.onceWrapper (node:events:631:28)\n    at SMTPConnection.emit (node:events:517:28)\n    at SMTPConnection.emit (node:domain:489:12)\n    at SMTPConnection._actionEHLO (/Users/rohitsingh/Developer/IL/maple-backend/node_modules/nodemailer/lib/smtp-connection/index.js:1369:14)\n    at SMTPConnection._processResponse (/Users/rohitsingh/Developer/IL/maple-backend/node_modules/nodemailer/lib/smtp-connection/index.js:991:20)\n    at SMTPConnection._onData (/Users/rohitsingh/Developer/IL/maple-backend/node_modules/nodemailer/lib/smtp-connection/index.js:772:14)","timestamp":"2024-11-29 00:11:50"}
{"level":"error","message":"Error in forgotPassword API Failed to send OTP","stack":"Error: Failed to send OTP\n    at /Users/rohitsingh/Developer/IL/maple-backend/src/services/auth.services.ts:180:11\n    at Generator.throw (<anonymous>)\n    at rejected (/Users/rohitsingh/Developer/IL/maple-backend/src/services/auth.services.ts:6:65)\n    at processTicksAndRejections (node:internal/process/task_queues:95:5)","timestamp":"2024-11-29 00:11:50"}
{"code":"EAUTH","command":"API","level":"error","message":"Error sending OTP email Missing credentials for \"PLAIN\"","stack":"Error: Missing credentials for \"PLAIN\"\n    at SMTPConnection._formatError (/Users/rohitsingh/Developer/IL/maple-backend/node_modules/nodemailer/lib/smtp-connection/index.js:807:19)\n    at SMTPConnection.login (/Users/rohitsingh/Developer/IL/maple-backend/node_modules/nodemailer/lib/smtp-connection/index.js:452:38)\n    at /Users/rohitsingh/Developer/IL/maple-backend/node_modules/nodemailer/lib/smtp-transport/index.js:272:32\n    at SMTPConnection.<anonymous> (/Users/rohitsingh/Developer/IL/maple-backend/node_modules/nodemailer/lib/smtp-connection/index.js:215:17)\n    at Object.onceWrapper (node:events:631:28)\n    at SMTPConnection.emit (node:events:517:28)\n    at SMTPConnection.emit (node:domain:489:12)\n    at SMTPConnection._actionEHLO (/Users/rohitsingh/Developer/IL/maple-backend/node_modules/nodemailer/lib/smtp-connection/index.js:1369:14)\n    at SMTPConnection._processResponse (/Users/rohitsingh/Developer/IL/maple-backend/node_modules/nodemailer/lib/smtp-connection/index.js:991:20)\n    at SMTPConnection._onData (/Users/rohitsingh/Developer/IL/maple-backend/node_modules/nodemailer/lib/smtp-connection/index.js:772:14)","timestamp":"2024-11-29 00:13:32"}
{"level":"error","message":"Error in forgotPassword API Failed to send OTP","stack":"Error: Failed to send OTP\n    at /Users/rohitsingh/Developer/IL/maple-backend/src/services/auth.services.ts:181:11\n    at Generator.throw (<anonymous>)\n    at rejected (/Users/rohitsingh/Developer/IL/maple-backend/src/services/auth.services.ts:6:65)\n    at processTicksAndRejections (node:internal/process/task_queues:95:5)","timestamp":"2024-11-29 00:13:32"}
{"code":"EAUTH","command":"API","level":"error","message":"Error sending OTP email Missing credentials for \"PLAIN\"","stack":"Error: Missing credentials for \"PLAIN\"\n    at SMTPConnection._formatError (/Users/rohitsingh/Developer/IL/maple-backend/node_modules/nodemailer/lib/smtp-connection/index.js:807:19)\n    at SMTPConnection.login (/Users/rohitsingh/Developer/IL/maple-backend/node_modules/nodemailer/lib/smtp-connection/index.js:452:38)\n    at /Users/rohitsingh/Developer/IL/maple-backend/node_modules/nodemailer/lib/smtp-transport/index.js:272:32\n    at SMTPConnection.<anonymous> (/Users/rohitsingh/Developer/IL/maple-backend/node_modules/nodemailer/lib/smtp-connection/index.js:215:17)\n    at Object.onceWrapper (node:events:631:28)\n    at SMTPConnection.emit (node:events:517:28)\n    at SMTPConnection.emit (node:domain:489:12)\n    at SMTPConnection._actionEHLO (/Users/rohitsingh/Developer/IL/maple-backend/node_modules/nodemailer/lib/smtp-connection/index.js:1369:14)\n    at SMTPConnection._processResponse (/Users/rohitsingh/Developer/IL/maple-backend/node_modules/nodemailer/lib/smtp-connection/index.js:991:20)\n    at SMTPConnection._onData (/Users/rohitsingh/Developer/IL/maple-backend/node_modules/nodemailer/lib/smtp-connection/index.js:772:14)","timestamp":"2024-11-29 00:13:57"}
{"level":"error","message":"Error in forgotPassword API Failed to send OTP","stack":"Error: Failed to send OTP\n    at /Users/rohitsingh/Developer/IL/maple-backend/src/services/auth.services.ts:182:11\n    at Generator.throw (<anonymous>)\n    at rejected (/Users/rohitsingh/Developer/IL/maple-backend/src/services/auth.services.ts:6:65)\n    at processTicksAndRejections (node:internal/process/task_queues:95:5)","timestamp":"2024-11-29 00:13:57"}
{"code":"EAUTH","command":"API","level":"error","message":"Error sending OTP email Missing credentials for \"PLAIN\"","stack":"Error: Missing credentials for \"PLAIN\"\n    at SMTPConnection._formatError (/Users/rohitsingh/Developer/IL/maple-backend/node_modules/nodemailer/lib/smtp-connection/index.js:807:19)\n    at SMTPConnection.login (/Users/rohitsingh/Developer/IL/maple-backend/node_modules/nodemailer/lib/smtp-connection/index.js:452:38)\n    at /Users/rohitsingh/Developer/IL/maple-backend/node_modules/nodemailer/lib/smtp-transport/index.js:272:32\n    at SMTPConnection.<anonymous> (/Users/rohitsingh/Developer/IL/maple-backend/node_modules/nodemailer/lib/smtp-connection/index.js:215:17)\n    at Object.onceWrapper (node:events:631:28)\n    at SMTPConnection.emit (node:events:517:28)\n    at SMTPConnection.emit (node:domain:489:12)\n    at SMTPConnection._actionEHLO (/Users/rohitsingh/Developer/IL/maple-backend/node_modules/nodemailer/lib/smtp-connection/index.js:1369:14)\n    at SMTPConnection._processResponse (/Users/rohitsingh/Developer/IL/maple-backend/node_modules/nodemailer/lib/smtp-connection/index.js:991:20)\n    at SMTPConnection._onData (/Users/rohitsingh/Developer/IL/maple-backend/node_modules/nodemailer/lib/smtp-connection/index.js:772:14)","timestamp":"2024-11-29 00:16:41"}
{"level":"error","message":"Error in forgotPassword API Failed to send OTP","stack":"Error: Failed to send OTP\n    at /Users/rohitsingh/Developer/IL/maple-backend/src/services/auth.services.ts:195:11\n    at Generator.throw (<anonymous>)\n    at rejected (/Users/rohitsingh/Developer/IL/maple-backend/src/services/auth.services.ts:6:65)\n    at processTicksAndRejections (node:internal/process/task_queues:95:5)","timestamp":"2024-11-29 00:16:41"}
{"code":"EAUTH","command":"API","level":"error","message":"Error sending OTP email Missing credentials for \"PLAIN\"","stack":"Error: Missing credentials for \"PLAIN\"\n    at SMTPConnection._formatError (/Users/rohitsingh/Developer/IL/maple-backend/node_modules/nodemailer/lib/smtp-connection/index.js:807:19)\n    at SMTPConnection.login (/Users/rohitsingh/Developer/IL/maple-backend/node_modules/nodemailer/lib/smtp-connection/index.js:452:38)\n    at /Users/rohitsingh/Developer/IL/maple-backend/node_modules/nodemailer/lib/smtp-transport/index.js:272:32\n    at SMTPConnection.<anonymous> (/Users/rohitsingh/Developer/IL/maple-backend/node_modules/nodemailer/lib/smtp-connection/index.js:215:17)\n    at Object.onceWrapper (node:events:631:28)\n    at SMTPConnection.emit (node:events:517:28)\n    at SMTPConnection.emit (node:domain:489:12)\n    at SMTPConnection._actionEHLO (/Users/rohitsingh/Developer/IL/maple-backend/node_modules/nodemailer/lib/smtp-connection/index.js:1369:14)\n    at SMTPConnection._processResponse (/Users/rohitsingh/Developer/IL/maple-backend/node_modules/nodemailer/lib/smtp-connection/index.js:991:20)\n    at SMTPConnection._onData (/Users/rohitsingh/Developer/IL/maple-backend/node_modules/nodemailer/lib/smtp-connection/index.js:772:14)","timestamp":"2024-11-29 00:17:52"}
{"level":"error","message":"Error in forgotPassword API Failed to send OTP","stack":"Error: Failed to send OTP\n    at /Users/rohitsingh/Developer/IL/maple-backend/src/services/auth.services.ts:195:11\n    at Generator.throw (<anonymous>)\n    at rejected (/Users/rohitsingh/Developer/IL/maple-backend/src/services/auth.services.ts:6:65)\n    at processTicksAndRejections (node:internal/process/task_queues:95:5)","timestamp":"2024-11-29 00:17:52"}
{"code":"EAUTH","command":"API","level":"error","message":"Error sending OTP email Missing credentials for \"PLAIN\"","stack":"Error: Missing credentials for \"PLAIN\"\n    at SMTPConnection._formatError (/Users/rohitsingh/Developer/IL/maple-backend/node_modules/nodemailer/lib/smtp-connection/index.js:807:19)\n    at SMTPConnection.login (/Users/rohitsingh/Developer/IL/maple-backend/node_modules/nodemailer/lib/smtp-connection/index.js:452:38)\n    at /Users/rohitsingh/Developer/IL/maple-backend/node_modules/nodemailer/lib/smtp-transport/index.js:272:32\n    at SMTPConnection.<anonymous> (/Users/rohitsingh/Developer/IL/maple-backend/node_modules/nodemailer/lib/smtp-connection/index.js:215:17)\n    at Object.onceWrapper (node:events:631:28)\n    at SMTPConnection.emit (node:events:517:28)\n    at SMTPConnection.emit (node:domain:489:12)\n    at SMTPConnection._actionEHLO (/Users/rohitsingh/Developer/IL/maple-backend/node_modules/nodemailer/lib/smtp-connection/index.js:1369:14)\n    at SMTPConnection._processResponse (/Users/rohitsingh/Developer/IL/maple-backend/node_modules/nodemailer/lib/smtp-connection/index.js:991:20)\n    at SMTPConnection._onData (/Users/rohitsingh/Developer/IL/maple-backend/node_modules/nodemailer/lib/smtp-connection/index.js:772:14)","timestamp":"2024-11-29 00:18:16"}
{"level":"error","message":"Error in forgotPassword API Failed to send OTP","stack":"Error: Failed to send OTP\n    at /Users/rohitsingh/Developer/IL/maple-backend/src/services/auth.services.ts:196:11\n    at Generator.throw (<anonymous>)\n    at rejected (/Users/rohitsingh/Developer/IL/maple-backend/src/services/auth.services.ts:6:65)\n    at processTicksAndRejections (node:internal/process/task_queues:95:5)","timestamp":"2024-11-29 00:18:16"}
{"code":"EAUTH","command":"API","level":"error","message":"Error sending OTP email Missing credentials for \"PLAIN\"","stack":"Error: Missing credentials for \"PLAIN\"\n    at SMTPConnection._formatError (/Users/rohitsingh/Developer/IL/maple-backend/node_modules/nodemailer/lib/smtp-connection/index.js:807:19)\n    at SMTPConnection.login (/Users/rohitsingh/Developer/IL/maple-backend/node_modules/nodemailer/lib/smtp-connection/index.js:452:38)\n    at /Users/rohitsingh/Developer/IL/maple-backend/node_modules/nodemailer/lib/smtp-transport/index.js:272:32\n    at SMTPConnection.<anonymous> (/Users/rohitsingh/Developer/IL/maple-backend/node_modules/nodemailer/lib/smtp-connection/index.js:215:17)\n    at Object.onceWrapper (node:events:631:28)\n    at SMTPConnection.emit (node:events:517:28)\n    at SMTPConnection.emit (node:domain:489:12)\n    at SMTPConnection._actionEHLO (/Users/rohitsingh/Developer/IL/maple-backend/node_modules/nodemailer/lib/smtp-connection/index.js:1369:14)\n    at SMTPConnection._processResponse (/Users/rohitsingh/Developer/IL/maple-backend/node_modules/nodemailer/lib/smtp-connection/index.js:991:20)\n    at SMTPConnection._onData (/Users/rohitsingh/Developer/IL/maple-backend/node_modules/nodemailer/lib/smtp-connection/index.js:772:14)","timestamp":"2024-11-29 00:19:03"}
{"level":"error","message":"Error in forgotPassword API Failed to send OTP","stack":"Error: Failed to send OTP\n    at /Users/rohitsingh/Developer/IL/maple-backend/src/services/auth.services.ts:196:11\n    at Generator.throw (<anonymous>)\n    at rejected (/Users/rohitsingh/Developer/IL/maple-backend/src/services/auth.services.ts:6:65)\n    at processTicksAndRejections (node:internal/process/task_queues:95:5)","timestamp":"2024-11-29 00:19:03"}
{"code":"EAUTH","command":"API","level":"error","message":"Error sending OTP email Missing credentials for \"PLAIN\"","stack":"Error: Missing credentials for \"PLAIN\"\n    at SMTPConnection._formatError (/Users/rohitsingh/Developer/IL/maple-backend/node_modules/nodemailer/lib/smtp-connection/index.js:807:19)\n    at SMTPConnection.login (/Users/rohitsingh/Developer/IL/maple-backend/node_modules/nodemailer/lib/smtp-connection/index.js:452:38)\n    at /Users/rohitsingh/Developer/IL/maple-backend/node_modules/nodemailer/lib/smtp-transport/index.js:272:32\n    at SMTPConnection.<anonymous> (/Users/rohitsingh/Developer/IL/maple-backend/node_modules/nodemailer/lib/smtp-connection/index.js:215:17)\n    at Object.onceWrapper (node:events:631:28)\n    at SMTPConnection.emit (node:events:517:28)\n    at SMTPConnection.emit (node:domain:489:12)\n    at SMTPConnection._actionEHLO (/Users/rohitsingh/Developer/IL/maple-backend/node_modules/nodemailer/lib/smtp-connection/index.js:1369:14)\n    at SMTPConnection._processResponse (/Users/rohitsingh/Developer/IL/maple-backend/node_modules/nodemailer/lib/smtp-connection/index.js:991:20)\n    at SMTPConnection._onData (/Users/rohitsingh/Developer/IL/maple-backend/node_modules/nodemailer/lib/smtp-connection/index.js:772:14)","timestamp":"2024-11-29 00:19:59"}
{"level":"error","message":"Error in forgotPassword API Failed to send OTP","stack":"Error: Failed to send OTP\n    at /Users/rohitsingh/Developer/IL/maple-backend/src/services/auth.services.ts:196:11\n    at Generator.throw (<anonymous>)\n    at rejected (/Users/rohitsingh/Developer/IL/maple-backend/src/services/auth.services.ts:6:65)\n    at processTicksAndRejections (node:internal/process/task_queues:95:5)","timestamp":"2024-11-29 00:19:59"}
{"code":"EAUTH","command":"API","level":"error","message":"Error sending OTP email Missing credentials for \"PLAIN\"","stack":"Error: Missing credentials for \"PLAIN\"\n    at SMTPConnection._formatError (/Users/rohitsingh/Developer/IL/maple-backend/node_modules/nodemailer/lib/smtp-connection/index.js:807:19)\n    at SMTPConnection.login (/Users/rohitsingh/Developer/IL/maple-backend/node_modules/nodemailer/lib/smtp-connection/index.js:452:38)\n    at /Users/rohitsingh/Developer/IL/maple-backend/node_modules/nodemailer/lib/smtp-transport/index.js:272:32\n    at SMTPConnection.<anonymous> (/Users/rohitsingh/Developer/IL/maple-backend/node_modules/nodemailer/lib/smtp-connection/index.js:215:17)\n    at Object.onceWrapper (node:events:631:28)\n    at SMTPConnection.emit (node:events:517:28)\n    at SMTPConnection.emit (node:domain:489:12)\n    at SMTPConnection._actionEHLO (/Users/rohitsingh/Developer/IL/maple-backend/node_modules/nodemailer/lib/smtp-connection/index.js:1369:14)\n    at SMTPConnection._processResponse (/Users/rohitsingh/Developer/IL/maple-backend/node_modules/nodemailer/lib/smtp-connection/index.js:991:20)\n    at SMTPConnection._onData (/Users/rohitsingh/Developer/IL/maple-backend/node_modules/nodemailer/lib/smtp-connection/index.js:772:14)","timestamp":"2024-11-29 00:20:46"}
{"level":"error","message":"Error in forgotPassword API Failed to send OTP","stack":"Error: Failed to send OTP\n    at /Users/rohitsingh/Developer/IL/maple-backend/src/services/auth.services.ts:196:11\n    at Generator.throw (<anonymous>)\n    at rejected (/Users/rohitsingh/Developer/IL/maple-backend/src/services/auth.services.ts:6:65)\n    at processTicksAndRejections (node:internal/process/task_queues:95:5)","timestamp":"2024-11-29 00:20:46"}
{"level":"info","message":"OTP sent to email: rohit@gmail.com","timestamp":"2024-11-29 00:22:23"}
{"level":"error","message":"Error in resetPassword API Invalid or expired OTP","stack":"Error: Invalid or expired OTP\n    at /Users/rohitsingh/Developer/IL/maple-backend/src/services/auth.services.ts:223:11\n    at Generator.next (<anonymous>)\n    at fulfilled (/Users/rohitsingh/Developer/IL/maple-backend/src/services/auth.services.ts:5:58)","timestamp":"2024-11-29 00:24:24"}
{"level":"error","message":"OTP validation failed for userId: 2, OTP: 123456","timestamp":"2024-11-29 00:26:20"}
{"level":"error","message":"Error during OTP validation for userId: 2, OTP: 123456 Invalid or expired OTP","stack":"Error: Invalid or expired OTP\n    at /Users/rohitsingh/Developer/IL/maple-backend/src/services/auth.services.ts:225:13\n    at Generator.next (<anonymous>)\n    at fulfilled (/Users/rohitsingh/Developer/IL/maple-backend/src/services/auth.services.ts:5:58)","timestamp":"2024-11-29 00:26:20"}
{"level":"error","message":"Error in resetPassword API Invalid or expired OTP","stack":"Error: Invalid or expired OTP\n    at /Users/rohitsingh/Developer/IL/maple-backend/src/services/auth.services.ts:225:13\n    at Generator.next (<anonymous>)\n    at fulfilled (/Users/rohitsingh/Developer/IL/maple-backend/src/services/auth.services.ts:5:58)","timestamp":"2024-11-29 00:26:20"}
{"level":"error","message":"OTP validation failed for userId: 2, OTP: 123456","timestamp":"2024-11-29 00:35:01"}
{"level":"error","message":"Error during OTP validation for userId: 2, OTP: 123456 Invalid or expired OTP","stack":"Error: Invalid or expired OTP\n    at /Users/rohitsingh/Developer/IL/maple-backend/src/services/auth.services.ts:225:13\n    at Generator.next (<anonymous>)\n    at fulfilled (/Users/rohitsingh/Developer/IL/maple-backend/src/services/auth.services.ts:5:58)","timestamp":"2024-11-29 00:35:01"}
{"level":"error","message":"Error in resetPassword API Invalid or expired OTP","stack":"Error: Invalid or expired OTP\n    at /Users/rohitsingh/Developer/IL/maple-backend/src/services/auth.services.ts:225:13\n    at Generator.next (<anonymous>)\n    at fulfilled (/Users/rohitsingh/Developer/IL/maple-backend/src/services/auth.services.ts:5:58)","timestamp":"2024-11-29 00:35:01"}
{"level":"error","message":"OTP validation failed for userId: 2, OTP: 123456","timestamp":"2024-11-29 02:03:53"}
{"level":"error","message":"OTP record: null","timestamp":"2024-11-29 02:03:53"}
{"level":"error","message":"Error during OTP validation for userId: 2, OTP: 123456 Invalid or expired OTP","stack":"Error: Invalid or expired OTP\n    at /Users/rohitsingh/Developer/IL/maple-backend/src/services/auth.services.ts:234:13\n    at Generator.next (<anonymous>)\n    at fulfilled (/Users/rohitsingh/Developer/IL/maple-backend/src/services/auth.services.ts:5:58)","timestamp":"2024-11-29 02:03:53"}
{"level":"error","message":"Error in resetPassword API Invalid or expired OTP","stack":"Error: Invalid or expired OTP\n    at /Users/rohitsingh/Developer/IL/maple-backend/src/services/auth.services.ts:234:13\n    at Generator.next (<anonymous>)\n    at fulfilled (/Users/rohitsingh/Developer/IL/maple-backend/src/services/auth.services.ts:5:58)","timestamp":"2024-11-29 02:03:53"}
{"level":"error","message":"OTP validation failed for userId: 2, OTP: 123456","timestamp":"2024-11-29 02:05:26"}
{"level":"error","message":"OTP record: null","timestamp":"2024-11-29 02:05:26"}
{"level":"error","message":"Error during OTP validation for userId: 2, OTP: 123456 Invalid or expired OTP","stack":"Error: Invalid or expired OTP\n    at /Users/rohitsingh/Developer/IL/maple-backend/src/services/auth.services.ts:237:13\n    at Generator.next (<anonymous>)\n    at fulfilled (/Users/rohitsingh/Developer/IL/maple-backend/src/services/auth.services.ts:5:58)","timestamp":"2024-11-29 02:05:26"}
{"level":"error","message":"Invalid or expired OTP","status":400,"timestamp":"2024-11-29 02:05:26"}
{"level":"error","message":"OTP validation failed for userId: 2, OTP: 123456","timestamp":"2024-11-29 02:05:36"}
{"level":"error","message":"OTP record: null","timestamp":"2024-11-29 02:05:36"}
{"level":"error","message":"Error during OTP validation for userId: 2, OTP: 123456 Invalid or expired OTP","stack":"Error: Invalid or expired OTP\n    at /Users/rohitsingh/Developer/IL/maple-backend/src/services/auth.services.ts:237:13\n    at Generator.next (<anonymous>)\n    at fulfilled (/Users/rohitsingh/Developer/IL/maple-backend/src/services/auth.services.ts:5:58)","timestamp":"2024-11-29 02:05:36"}
{"level":"error","message":"Invalid or expired OTP","status":400,"timestamp":"2024-11-29 02:05:36"}
{"level":"error","message":"OTP validation failed for userId: 2, OTP: 123456","timestamp":"2024-11-29 02:05:50"}
{"level":"error","message":"OTP record: null","timestamp":"2024-11-29 02:05:50"}
{"level":"error","message":"Error during OTP validation for userId: 2, OTP: 123456 Invalid or expired OTP","stack":"Error: Invalid or expired OTP\n    at /Users/rohitsingh/Developer/IL/maple-backend/src/services/auth.services.ts:237:13\n    at Generator.next (<anonymous>)\n    at fulfilled (/Users/rohitsingh/Developer/IL/maple-backend/src/services/auth.services.ts:5:58)","timestamp":"2024-11-29 02:05:50"}
{"level":"error","message":"Invalid or expired OTP","timestamp":"2024-11-29 02:05:50"}
{"level":"error","message":"OTP validation failed for userId: 2, OTP: 123456","timestamp":"2024-11-29 02:06:03"}
{"level":"error","message":"OTP record: null","timestamp":"2024-11-29 02:06:03"}
{"level":"error","message":"Error during OTP validation for userId: 2, OTP: 123456 Invalid or expired OTP","stack":"Error: Invalid or expired OTP\n    at /Users/rohitsingh/Developer/IL/maple-backend/src/services/auth.services.ts:237:13\n    at Generator.next (<anonymous>)\n    at fulfilled (/Users/rohitsingh/Developer/IL/maple-backend/src/services/auth.services.ts:5:58)","timestamp":"2024-11-29 02:06:03"}
{"0":"I","1":"n","10":" ","11":"e","12":"x","13":"p","14":"i","15":"r","16":"e","17":"d","18":" ","19":"O","2":"v","20":"T","21":"P","3":"a","4":"l","5":"i","6":"d","7":" ","8":"o","9":"r","level":"error","message":"Error in resetPassword API","timestamp":"2024-11-29 02:06:03"}
{"level":"error","message":"OTP validation failed for userId: 2, OTP: 377435","timestamp":"2024-11-29 02:06:28"}
{"level":"error","message":"OTP record: {\"id\":11,\"userId\":2,\"otpCode\":\"377435\",\"expiryAt\":\"2024-11-28T19:07:18.223Z\",\"used\":false,\"createdAt\":\"2024-11-28T18:52:18.236Z\",\"updatedAt\":\"2024-11-28T18:52:18.236Z\"}","timestamp":"2024-11-29 02:06:28"}
{"level":"error","message":"Error during OTP validation for userId: 2, OTP: 377435 Invalid or expired OTP","stack":"Error: Invalid or expired OTP\n    at /Users/rohitsingh/Developer/IL/maple-backend/src/services/auth.services.ts:237:13\n    at Generator.next (<anonymous>)\n    at fulfilled (/Users/rohitsingh/Developer/IL/maple-backend/src/services/auth.services.ts:5:58)","timestamp":"2024-11-29 02:06:28"}
{"0":"I","1":"n","10":" ","11":"e","12":"x","13":"p","14":"i","15":"r","16":"e","17":"d","18":" ","19":"O","2":"v","20":"T","21":"P","3":"a","4":"l","5":"i","6":"d","7":" ","8":"o","9":"r","level":"error","message":"Error in resetPassword API","timestamp":"2024-11-29 02:06:28"}
{"level":"info","message":"OTP sent to email: rohit@gmail.com","timestamp":"2024-11-29 02:06:38"}
{"level":"info","message":"OTP validated for userId: 2, OTP: 342704","timestamp":"2024-11-29 02:06:53"}
{"level":"info","message":"Password reset successful for user ID: 2","timestamp":"2024-11-29 02:06:53"}
{"level":"info","message":"OTP with ID: 12 marked as used","timestamp":"2024-11-29 02:06:53"}
{"level":"error","message":"OTP validation failed for userId: 2, OTP: 342704","timestamp":"2024-11-29 02:07:17"}
{"level":"error","message":"OTP record: {\"id\":12,\"userId\":2,\"otpCode\":\"342704\",\"expiryAt\":\"2024-11-28T20:51:34.749Z\",\"used\":true,\"createdAt\":\"2024-11-28T20:36:34.750Z\",\"updatedAt\":\"2024-11-28T20:36:53.866Z\"}","timestamp":"2024-11-29 02:07:17"}
{"level":"error","message":"Error during OTP validation for userId: 2, OTP: 342704 Invalid or expired OTP","stack":"Error: Invalid or expired OTP\n    at /Users/rohitsingh/Developer/IL/maple-backend/src/services/auth.services.ts:237:13\n    at Generator.next (<anonymous>)\n    at fulfilled (/Users/rohitsingh/Developer/IL/maple-backend/src/services/auth.services.ts:5:58)","timestamp":"2024-11-29 02:07:17"}
{"0":"I","1":"n","10":" ","11":"e","12":"x","13":"p","14":"i","15":"r","16":"e","17":"d","18":" ","19":"O","2":"v","20":"T","21":"P","3":"a","4":"l","5":"i","6":"d","7":" ","8":"o","9":"r","level":"error","message":"Error in resetPassword API","timestamp":"2024-11-29 02:07:17"}
{"level":"info","message":"OTP sent to email: rohit@gmail.com","timestamp":"2024-11-29 02:07:26"}
{"level":"info","message":"OTP validated for userId: 2, OTP: 855222","timestamp":"2024-11-29 02:07:38"}
{"level":"info","message":"Password reset successful for user ID: 2","timestamp":"2024-11-29 02:07:38"}
{"level":"info","message":"OTP with ID: 13 marked as used","timestamp":"2024-11-29 02:07:38"}
{"level":"info","message":"SignUp process started for email: rohit20@gmail.com","timestamp":"2024-12-04 16:03:51"}
{"level":"info","message":"User created with ID: 5","timestamp":"2024-12-04 16:03:51"}
{"level":"info","message":"SignUp process completed successfully for email: rohit20@gmail.com","timestamp":"2024-12-04 16:03:51"}
{"level":"info","message":"SignUp process started for email: rohit21@gmail.com","timestamp":"2024-12-04 16:04:42"}
{"level":"info","message":"User created with ID: 6","timestamp":"2024-12-04 16:04:42"}
{"level":"info","message":"SignUp process completed successfully for email: rohit21@gmail.com","timestamp":"2024-12-04 16:04:42"}
{"level":"info","message":"SignUp process started for email: rohit22@gmail.com","timestamp":"2024-12-04 16:06:09"}
{"level":"info","message":"User created with ID: 7","timestamp":"2024-12-04 16:06:09"}
{"level":"info","message":"SignUp process completed successfully for email: rohit22@gmail.com","timestamp":"2024-12-04 16:06:09"}
{"level":"info","message":"SignUp process started for email: rohit22@gmail.com","timestamp":"2024-12-04 16:07:30"}
{"level":"error","message":"Email or Username already exists for email: rohit22@gmail.com","timestamp":"2024-12-04 16:07:30"}
{"level":"info","message":"SignUp process started for email: rohit23@gmail.com","timestamp":"2024-12-04 16:07:35"}
{"level":"info","message":"User created with ID: 9","timestamp":"2024-12-04 16:07:35"}
{"level":"info","message":"SignUp process completed successfully for email: rohit23@gmail.com","timestamp":"2024-12-04 16:07:35"}
{"level":"info","message":"SignUp process started for email: rohit24@gmail.com","timestamp":"2024-12-04 16:08:01"}
{"level":"info","message":"User created with ID: 10","timestamp":"2024-12-04 16:08:01"}
{"level":"info","message":"SignUp process completed successfully for email: rohit24@gmail.com","timestamp":"2024-12-04 16:08:01"}
{"level":"info","message":"SignUp process started for email: rohit25@gmail.com","timestamp":"2024-12-04 16:08:21"}
{"level":"info","message":"User created with ID: 11","timestamp":"2024-12-04 16:08:21"}
{"level":"info","message":"SignUp process completed successfully for email: rohit25@gmail.com","timestamp":"2024-12-04 16:08:21"}
{"level":"info","message":"SignUp process started for email: rohit26@gmail.com","timestamp":"2024-12-04 16:09:03"}
{"level":"info","message":"User created with ID: 12","timestamp":"2024-12-04 16:09:03"}
{"level":"info","message":"SignUp process completed successfully for email: rohit26@gmail.com","timestamp":"2024-12-04 16:09:03"}
{"level":"info","message":"SignUp process started for email: rohit27gmail.com","timestamp":"2024-12-04 16:09:45"}
{"level":"info","message":"User created with ID: 13","timestamp":"2024-12-04 16:09:45"}
{"level":"info","message":"SignUp process completed successfully for email: rohit27gmail.com","timestamp":"2024-12-04 16:09:45"}
{"level":"info","message":"SignUp process started for email: rohit28gmail.com","timestamp":"2024-12-04 16:10:48"}
{"level":"info","message":"User created with ID: 14","timestamp":"2024-12-04 16:10:48"}
{"level":"info","message":"SignUp process completed successfully for email: rohit28gmail.com","timestamp":"2024-12-04 16:10:48"}
{"level":"info","message":"SignUp process started for email: rohit29gmail.com","timestamp":"2024-12-04 16:11:29"}
{"level":"info","message":"User created with ID: 15","timestamp":"2024-12-04 16:11:29"}
{"level":"info","message":"SignUp process completed successfully for email: rohit29gmail.com","timestamp":"2024-12-04 16:11:29"}
{"level":"info","message":"SignUp process started for email: rohit1@gmail.com","timestamp":"2024-12-04 16:14:59"}
{"level":"info","message":"User created with ID: 16","timestamp":"2024-12-04 16:14:59"}
{"level":"info","message":"SignUp process completed successfully for email: rohit1@gmail.com","timestamp":"2024-12-04 16:14:59"}
